# JRE version: OpenJDK Runtime Environment (8.0_212-b04) (build 1.8.0_212-release-1586-b04)
# Java VM: OpenJDK 64-Bit Server VM (25.212-b04 mixed mode windows-amd64 compressed oops)
Heap:
 PSYoungGen      total 131072K, used 45068K [0x00000000e0000000, 0x00000000e9080000, 0x0000000100000000)
  eden space 117248K, 26% used [0x00000000e0000000,0x00000000e1e83ad0,0x00000000e7280000)
  from space 13824K, 99% used [0x00000000e7580000,0x00000000e82ff840,0x00000000e8300000)
  to   space 12288K, 0% used [0x00000000e8480000,0x00000000e8480000,0x00000000e9080000)
 ParOldGen       total 101376K, used 22284K [0x00000000a0000000, 0x00000000a6300000, 0x00000000e0000000)
  object space 101376K, 21% used [0x00000000a0000000,0x00000000a15c3318,0x00000000a6300000)
 Metaspace       used 56097K, capacity 57920K, committed 58112K, reserved 1101824K
  class space    used 7715K, capacity 8157K, committed 8192K, reserved 1048576K
GC Heap History (10 events):
Event: 9.359 GC heap before
{Heap before GC invocations=9 (full 1):
 PSYoungGen      total 77312K, used 74152K [0x00000000e0000000, 0x00000000e7200000, 0x0000000100000000)
  eden space 66048K, 100% used [0x00000000e0000000,0x00000000e4080000,0x00000000e4080000)
  from space 11264K, 71% used [0x00000000e4080000,0x00000000e486a240,0x00000000e4b80000)
  to   space 11264K, 0% used [0x00000000e6700000,0x00000000e6700000,0x00000000e7200000)
 ParOldGen       total 65536K, used 9456K [0x00000000a0000000, 0x00000000a4000000, 0x00000000e0000000)
  object space 65536K, 14% used [0x00000000a0000000,0x00000000a093c198,0x00000000a4000000)
 Metaspace       used 32046K, capacity 32540K, committed 32768K, reserved 1077248K
  class space    used 4392K, capacity 4591K, committed 4608K, reserved 1048576K
Event: 9.387 GC heap after
Heap after GC invocations=9 (full 1):
 PSYoungGen      total 104960K, used 8246K [0x00000000e0000000, 0x00000000e7580000, 0x0000000100000000)
  eden space 93696K, 0% used [0x00000000e0000000,0x00000000e0000000,0x00000000e5b80000)
  from space 11264K, 73% used [0x00000000e6700000,0x00000000e6f0d880,0x00000000e7200000)
  to   space 11776K, 0% used [0x00000000e5b80000,0x00000000e5b80000,0x00000000e6700000)
 ParOldGen       total 65536K, used 9456K [0x00000000a0000000, 0x00000000a4000000, 0x00000000e0000000)
  object space 65536K, 14% used [0x00000000a0000000,0x00000000a093c198,0x00000000a4000000)
 Metaspace       used 32046K, capacity 32540K, committed 32768K, reserved 1077248K
  class space    used 4392K, capacity 4591K, committed 4608K, reserved 1048576K
}
Event: 10.692 GC heap before
{Heap before GC invocations=10 (full 1):
 PSYoungGen      total 104960K, used 71137K [0x00000000e0000000, 0x00000000e7580000, 0x0000000100000000)
  eden space 93696K, 67% used [0x00000000e0000000,0x00000000e3d6ad28,0x00000000e5b80000)
  from space 11264K, 73% used [0x00000000e6700000,0x00000000e6f0d880,0x00000000e7200000)
  to   space 11776K, 0% used [0x00000000e5b80000,0x00000000e5b80000,0x00000000e6700000)
 ParOldGen       total 65536K, used 9456K [0x00000000a0000000, 0x00000000a4000000, 0x00000000e0000000)
  object space 65536K, 14% used [0x00000000a0000000,0x00000000a093c198,0x00000000a4000000)
 Metaspace       used 34578K, capacity 35376K, committed 35456K, reserved 1079296K
  class space    used 4746K, capacity 4963K, committed 4992K, reserved 1048576K
Event: 10.734 GC heap after
Heap after GC invocations=10 (full 1):
 PSYoungGen      total 105472K, used 9878K [0x00000000e0000000, 0x00000000e9080000, 0x0000000100000000)
  eden space 93696K, 0% used [0x00000000e0000000,0x00000000e0000000,0x00000000e5b80000)
  from space 11776K, 83% used [0x00000000e5b80000,0x00000000e6525980,0x00000000e6700000)
  to   space 12288K, 0% used [0x00000000e8480000,0x00000000e8480000,0x00000000e9080000)
 ParOldGen       total 65536K, used 9464K [0x00000000a0000000, 0x00000000a4000000, 0x00000000e0000000)
  object space 65536K, 14% used [0x00000000a0000000,0x00000000a093e198,0x00000000a4000000)
 Metaspace       used 34578K, capacity 35376K, committed 35456K, reserved 1079296K
  class space    used 4746K, capacity 4963K, committed 4992K, reserved 1048576K
}
Event: 10.734 GC heap before
{Heap before GC invocations=11 (full 2):
 PSYoungGen      total 105472K, used 9878K [0x00000000e0000000, 0x00000000e9080000, 0x0000000100000000)
  eden space 93696K, 0% used [0x00000000e0000000,0x00000000e0000000,0x00000000e5b80000)
  from space 11776K, 83% used [0x00000000e5b80000,0x00000000e6525980,0x00000000e6700000)
  to   space 12288K, 0% used [0x00000000e8480000,0x00000000e8480000,0x00000000e9080000)
 ParOldGen       total 65536K, used 9464K [0x00000000a0000000, 0x00000000a4000000, 0x00000000e0000000)
  object space 65536K, 14% used [0x00000000a0000000,0x00000000a093e198,0x00000000a4000000)
 Metaspace       used 34578K, capacity 35376K, committed 35456K, reserved 1079296K
  class space    used 4746K, capacity 4963K, committed 4992K, reserved 1048576K
Event: 10.868 GC heap after
Heap after GC invocations=11 (full 2):
 PSYoungGen      total 105472K, used 0K [0x00000000e0000000, 0x00000000e9080000, 0x0000000100000000)
  eden space 93696K, 0% used [0x00000000e0000000,0x00000000e0000000,0x00000000e5b80000)
  from space 11776K, 0% used [0x00000000e5b80000,0x00000000e5b80000,0x00000000e6700000)
  to   space 12288K, 0% used [0x00000000e8480000,0x00000000e8480000,0x00000000e9080000)
 ParOldGen       total 101376K, used 16788K [0x00000000a0000000, 0x00000000a6300000, 0x00000000e0000000)
  object space 101376K, 16% used [0x00000000a0000000,0x00000000a1065318,0x00000000a6300000)
 Metaspace       used 34570K, capacity 35346K, committed 35456K, reserved 1079296K
  class space    used 4743K, capacity 4958K, committed 4992K, reserved 1048576K
}
Event: 13.753 GC heap before
{Heap before GC invocations=12 (full 2):
 PSYoungGen      total 105472K, used 93696K [0x00000000e0000000, 0x00000000e9080000, 0x0000000100000000)
  eden space 93696K, 100% used [0x00000000e0000000,0x00000000e5b80000,0x00000000e5b80000)
  from space 11776K, 0% used [0x00000000e5b80000,0x00000000e5b80000,0x00000000e6700000)
  to   space 12288K, 0% used [0x00000000e8480000,0x00000000e8480000,0x00000000e9080000)
 ParOldGen       total 101376K, used 16788K [0x00000000a0000000, 0x00000000a6300000, 0x00000000e0000000)
  object space 101376K, 16% used [0x00000000a0000000,0x00000000a1065318,0x00000000a6300000)
 Metaspace       used 44263K, capacity 45268K, committed 45440K, reserved 1089536K
  class space    used 5971K, capacity 6252K, committed 6272K, reserved 1048576K
Event: 13.772 GC heap after
Heap after GC invocations=12 (full 2):
 PSYoungGen      total 129536K, used 12282K [0x00000000e0000000, 0x00000000e9080000, 0x0000000100000000)
  eden space 117248K, 0% used [0x00000000e0000000,0x00000000e0000000,0x00000000e7280000)
  from space 12288K, 99% used [0x00000000e8480000,0x00000000e907ea88,0x00000000e9080000)
  to   space 13824K, 0% used [0x00000000e7580000,0x00000000e7580000,0x00000000e8300000)
 ParOldGen       total 101376K, used 17022K [0x00000000a0000000, 0x00000000a6300000, 0x00000000e0000000)
  object space 101376K, 16% used [0x00000000a0000000,0x00000000a109f990,0x00000000a6300000)
 Metaspace       used 44263K, capacity 45268K, committed 45440K, reserved 1089536K
  class space    used 5971K, capacity 6252K, committed 6272K, reserved 1048576K
}
Event: 16.115 GC heap before
{Heap before GC invocations=13 (full 2):
 PSYoungGen      total 129536K, used 129530K [0x00000000e0000000, 0x00000000e9080000, 0x0000000100000000)
  eden space 117248K, 100% used [0x00000000e0000000,0x00000000e7280000,0x00000000e7280000)
  from space 12288K, 99% used [0x00000000e8480000,0x00000000e907ea88,0x00000000e9080000)
  to   space 13824K, 0% used [0x00000000e7580000,0x00000000e7580000,0x00000000e8300000)
 ParOldGen       total 101376K, used 17022K [0x00000000a0000000, 0x00000000a6300000, 0x00000000e0000000)
  object space 101376K, 16% used [0x00000000a0000000,0x00000000a109f990,0x00000000a6300000)
 Metaspace       used 54246K, capacity 55848K, committed 56064K, reserved 1097728K
  class space    used 7475K, capacity 7877K, committed 7936K, reserved 1048576K
Event: 16.142 GC heap after
Heap after GC invocations=13 (full 2):
 PSYoungGen      total 131072K, used 13822K [0x00000000e0000000, 0x00000000e9080000, 0x0000000100000000)
  eden space 117248K, 0% used [0x00000000e0000000,0x00000000e0000000,0x00000000e7280000)
  from space 13824K, 99% used [0x00000000e7580000,0x00000000e82ff840,0x00000000e8300000)
  to   space 12288K, 0% used [0x00000000e8480000,0x00000000e8480000,0x00000000e9080000)
 ParOldGen       total 101376K, used 22284K [0x00000000a0000000, 0x00000000a6300000, 0x00000000e0000000)
  object space 101376K, 21% used [0x00000000a0000000,0x00000000a15c3318,0x00000000a6300000)
 Metaspace       used 54246K, capacity 55848K, committed 56064K, reserved 1097728K
  class space    used 7475K, capacity 7877K, committed 7936K, reserved 1048576K
}

