# JRE version: OpenJDK Runtime Environment (8.0_212-b04) (build 1.8.0_212-release-1586-b04)
# Java VM: OpenJDK 64-Bit Server VM (25.212-b04 mixed mode windows-amd64 compressed oops)
Heap:
 PSYoungGen      total 386560K, used 120034K [0x00000000e0000000, 0x00000000f9e00000, 0x0000000100000000)
  eden space 363008K, 26% used [0x00000000e0000000,0x00000000e5e7b048,0x00000000f6280000)
  from space 23552K, 98% used [0x00000000f8700000,0x00000000f9dbdb78,0x00000000f9e00000)
  to   space 30208K, 0% used [0x00000000f6300000,0x00000000f6300000,0x00000000f8080000)
 ParOldGen       total 142848K, used 47658K [0x00000000a0000000, 0x00000000a8b80000, 0x00000000e0000000)
  object space 142848K, 33% used [0x00000000a0000000,0x00000000a2e8a8f0,0x00000000a8b80000)
 Metaspace       used 81538K, capacity 85372K, committed 85592K, reserved 1124352K
  class space    used 10746K, capacity 11495K, committed 11608K, reserved 1048576K
GC Heap History (10 events):
Event: 25.060 GC heap before
{Heap before GC invocations=23 (full 3):
 PSYoungGen      total 260096K, used 252806K [0x00000000e0000000, 0x00000000f3c00000, 0x0000000100000000)
  eden space 233984K, 100% used [0x00000000e0000000,0x00000000ee480000,0x00000000ee480000)
  from space 26112K, 72% used [0x00000000ee480000,0x00000000ef6e1be8,0x00000000efe00000)
  to   space 26624K, 0% used [0x00000000f2200000,0x00000000f2200000,0x00000000f3c00000)
 ParOldGen       total 142848K, used 32016K [0x00000000a0000000, 0x00000000a8b80000, 0x00000000e0000000)
  object space 142848K, 22% used [0x00000000a0000000,0x00000000a1f44348,0x00000000a8b80000)
 Metaspace       used 72886K, capacity 76150K, committed 76376K, reserved 1116160K
  class space    used 9862K, capacity 10524K, committed 10584K, reserved 1048576K
Event: 25.125 GC heap after
Heap after GC invocations=23 (full 3):
 PSYoungGen      total 291840K, used 26603K [0x00000000e0000000, 0x00000000f5180000, 0x0000000100000000)
  eden space 265216K, 0% used [0x00000000e0000000,0x00000000e0000000,0x00000000f0300000)
  from space 26624K, 99% used [0x00000000f2200000,0x00000000f3bfac18,0x00000000f3c00000)
  to   space 31744K, 0% used [0x00000000f0300000,0x00000000f0300000,0x00000000f2200000)
 ParOldGen       total 142848K, used 35432K [0x00000000a0000000, 0x00000000a8b80000, 0x00000000e0000000)
  object space 142848K, 24% used [0x00000000a0000000,0x00000000a229a0c8,0x00000000a8b80000)
 Metaspace       used 72886K, capacity 76150K, committed 76376K, reserved 1116160K
  class space    used 9862K, capacity 10524K, committed 10584K, reserved 1048576K
}
Event: 26.076 GC heap before
{Heap before GC invocations=24 (full 3):
 PSYoungGen      total 291840K, used 291819K [0x00000000e0000000, 0x00000000f5180000, 0x0000000100000000)
  eden space 265216K, 100% used [0x00000000e0000000,0x00000000f0300000,0x00000000f0300000)
  from space 26624K, 99% used [0x00000000f2200000,0x00000000f3bfac18,0x00000000f3c00000)
  to   space 31744K, 0% used [0x00000000f0300000,0x00000000f0300000,0x00000000f2200000)
 ParOldGen       total 142848K, used 35432K [0x00000000a0000000, 0x00000000a8b80000, 0x00000000e0000000)
  object space 142848K, 24% used [0x00000000a0000000,0x00000000a229a0c8,0x00000000a8b80000)
 Metaspace       used 73150K, capacity 76380K, committed 76632K, reserved 1116160K
  class space    used 9890K, capacity 10529K, committed 10584K, reserved 1048576K
Event: 26.113 GC heap after
Heap after GC invocations=24 (full 3):
 PSYoungGen      total 296960K, used 16807K [0x00000000e0000000, 0x00000000f7400000, 0x0000000100000000)
  eden space 265216K, 0% used [0x00000000e0000000,0x00000000e0000000,0x00000000f0300000)
  from space 31744K, 52% used [0x00000000f0300000,0x00000000f1369cb0,0x00000000f2200000)
  to   space 30720K, 0% used [0x00000000f5600000,0x00000000f5600000,0x00000000f7400000)
 ParOldGen       total 142848K, used 45233K [0x00000000a0000000, 0x00000000a8b80000, 0x00000000e0000000)
  object space 142848K, 31% used [0x00000000a0000000,0x00000000a2c2c6b8,0x00000000a8b80000)
 Metaspace       used 73150K, capacity 76380K, committed 76632K, reserved 1116160K
  class space    used 9890K, capacity 10529K, committed 10584K, reserved 1048576K
}
Event: 27.603 GC heap before
{Heap before GC invocations=25 (full 3):
 PSYoungGen      total 296960K, used 282023K [0x00000000e0000000, 0x00000000f7400000, 0x0000000100000000)
  eden space 265216K, 100% used [0x00000000e0000000,0x00000000f0300000,0x00000000f0300000)
  from space 31744K, 52% used [0x00000000f0300000,0x00000000f1369cb0,0x00000000f2200000)
  to   space 30720K, 0% used [0x00000000f5600000,0x00000000f5600000,0x00000000f7400000)
 ParOldGen       total 142848K, used 45233K [0x00000000a0000000, 0x00000000a8b80000, 0x00000000e0000000)
  object space 142848K, 31% used [0x00000000a0000000,0x00000000a2c2c6b8,0x00000000a8b80000)
 Metaspace       used 74017K, capacity 77514K, committed 77784K, reserved 1116160K
  class space    used 9982K, capacity 10664K, committed 10712K, reserved 1048576K
Event: 27.633 GC heap after
Heap after GC invocations=25 (full 3):
 PSYoungGen      total 340992K, used 14006K [0x00000000e0000000, 0x00000000f6e00000, 0x0000000100000000)
  eden space 316416K, 0% used [0x00000000e0000000,0x00000000e0000000,0x00000000f3500000)
  from space 24576K, 56% used [0x00000000f5600000,0x00000000f63ad8d0,0x00000000f6e00000)
  to   space 29184K, 0% used [0x00000000f3500000,0x00000000f3500000,0x00000000f5180000)
 ParOldGen       total 142848K, used 45361K [0x00000000a0000000, 0x00000000a8b80000, 0x00000000e0000000)
  object space 142848K, 31% used [0x00000000a0000000,0x00000000a2c4c6b8,0x00000000a8b80000)
 Metaspace       used 74017K, capacity 77514K, committed 77784K, reserved 1116160K
  class space    used 9982K, capacity 10664K, committed 10712K, reserved 1048576K
}
Event: 29.387 GC heap before
{Heap before GC invocations=26 (full 3):
 PSYoungGen      total 340992K, used 330422K [0x00000000e0000000, 0x00000000f6e00000, 0x0000000100000000)
  eden space 316416K, 100% used [0x00000000e0000000,0x00000000f3500000,0x00000000f3500000)
  from space 24576K, 56% used [0x00000000f5600000,0x00000000f63ad8d0,0x00000000f6e00000)
  to   space 29184K, 0% used [0x00000000f3500000,0x00000000f3500000,0x00000000f5180000)
 ParOldGen       total 142848K, used 45361K [0x00000000a0000000, 0x00000000a8b80000, 0x00000000e0000000)
  object space 142848K, 31% used [0x00000000a0000000,0x00000000a2c4c6b8,0x00000000a8b80000)
 Metaspace       used 74022K, capacity 77514K, committed 77784K, reserved 1116160K
  class space    used 9982K, capacity 10664K, committed 10712K, reserved 1048576K
Event: 29.406 GC heap after
Heap after GC invocations=26 (full 3):
 PSYoungGen      total 345600K, used 12311K [0x00000000e0000000, 0x00000000fa300000, 0x0000000100000000)
  eden space 316416K, 0% used [0x00000000e0000000,0x00000000e0000000,0x00000000f3500000)
  from space 29184K, 42% used [0x00000000f3500000,0x00000000f4105dd8,0x00000000f5180000)
  to   space 28672K, 0% used [0x00000000f8700000,0x00000000f8700000,0x00000000fa300000)
 ParOldGen       total 142848K, used 47650K [0x00000000a0000000, 0x00000000a8b80000, 0x00000000e0000000)
  object space 142848K, 33% used [0x00000000a0000000,0x00000000a2e888f0,0x00000000a8b80000)
 Metaspace       used 74022K, capacity 77514K, committed 77784K, reserved 1116160K
  class space    used 9982K, capacity 10664K, committed 10712K, reserved 1048576K
}
Event: 51.303 GC heap before
{Heap before GC invocations=27 (full 3):
 PSYoungGen      total 345600K, used 328727K [0x00000000e0000000, 0x00000000fa300000, 0x0000000100000000)
  eden space 316416K, 100% used [0x00000000e0000000,0x00000000f3500000,0x00000000f3500000)
  from space 29184K, 42% used [0x00000000f3500000,0x00000000f4105dd8,0x00000000f5180000)
  to   space 28672K, 0% used [0x00000000f8700000,0x00000000f8700000,0x00000000fa300000)
 ParOldGen       total 142848K, used 47650K [0x00000000a0000000, 0x00000000a8b80000, 0x00000000e0000000)
  object space 142848K, 33% used [0x00000000a0000000,0x00000000a2e888f0,0x00000000a8b80000)
 Metaspace       used 80860K, capacity 84640K, committed 84696K, reserved 1122304K
  class space    used 10724K, capacity 11469K, committed 11480K, reserved 1048576K
Event: 51.326 GC heap after
Heap after GC invocations=27 (full 3):
 PSYoungGen      total 386560K, used 23286K [0x00000000e0000000, 0x00000000f9e00000, 0x0000000100000000)
  eden space 363008K, 0% used [0x00000000e0000000,0x00000000e0000000,0x00000000f6280000)
  from space 23552K, 98% used [0x00000000f8700000,0x00000000f9dbdb78,0x00000000f9e00000)
  to   space 30208K, 0% used [0x00000000f6300000,0x00000000f6300000,0x00000000f8080000)
 ParOldGen       total 142848K, used 47658K [0x00000000a0000000, 0x00000000a8b80000, 0x00000000e0000000)
  object space 142848K, 33% used [0x00000000a0000000,0x00000000a2e8a8f0,0x00000000a8b80000)
 Metaspace       used 80860K, capacity 84640K, committed 84696K, reserved 1122304K
  class space    used 10724K, capacity 11469K, committed 11480K, reserved 1048576K
}

