# JRE version: OpenJDK Runtime Environment (8.0_212-b04) (build 1.8.0_212-release-1586-b04)
# Java VM: OpenJDK 64-Bit Server VM (25.212-b04 mixed mode windows-amd64 compressed oops)
Heap:
 PSYoungGen      total 142848K, used 15436K [0x00000000e0000000, 0x00000000e9f00000, 0x0000000100000000)
  eden space 130560K, 11% used [0x00000000e0000000,0x00000000e0f13280,0x00000000e7f80000)
  from space 12288K, 0% used [0x00000000e8d80000,0x00000000e8d80000,0x00000000e9980000)
  to   space 14336K, 0% used [0x00000000e7f80000,0x00000000e7f80000,0x00000000e8d80000)
 ParOldGen       total 89600K, used 30834K [0x00000000a0000000, 0x00000000a5780000, 0x00000000e0000000)
  object space 89600K, 34% used [0x00000000a0000000,0x00000000a1e1ca80,0x00000000a5780000)
 Metaspace       used 57574K, capacity 59538K, committed 59736K, reserved 1099776K
  class space    used 7953K, capacity 8417K, committed 8536K, reserved 1048576K
GC Heap History (10 events):
Event: 13.807 GC heap before
{Heap before GC invocations=11 (full 2):
 PSYoungGen      total 112640K, used 10012K [0x00000000e0000000, 0x00000000e9980000, 0x0000000100000000)
  eden space 100864K, 0% used [0x00000000e0000000,0x00000000e0000000,0x00000000e6280000)
  from space 11776K, 85% used [0x00000000e6280000,0x00000000e6c47218,0x00000000e6e00000)
  to   space 12288K, 0% used [0x00000000e8d80000,0x00000000e8d80000,0x00000000e9980000)
 ParOldGen       total 61440K, used 9472K [0x00000000a0000000, 0x00000000a3c00000, 0x00000000e0000000)
  object space 61440K, 15% used [0x00000000a0000000,0x00000000a0940368,0x00000000a3c00000)
 Metaspace       used 34679K, capacity 35442K, committed 35456K, reserved 1079296K
  class space    used 4759K, capacity 4990K, committed 4992K, reserved 1048576K
Event: 13.869 GC heap after
Heap after GC invocations=11 (full 2):
 PSYoungGen      total 112640K, used 0K [0x00000000e0000000, 0x00000000e9980000, 0x0000000100000000)
  eden space 100864K, 0% used [0x00000000e0000000,0x00000000e0000000,0x00000000e6280000)
  from space 11776K, 0% used [0x00000000e6280000,0x00000000e6280000,0x00000000e6e00000)
  to   space 12288K, 0% used [0x00000000e8d80000,0x00000000e8d80000,0x00000000e9980000)
 ParOldGen       total 89600K, used 16802K [0x00000000a0000000, 0x00000000a5780000, 0x00000000e0000000)
  object space 89600K, 18% used [0x00000000a0000000,0x00000000a10688f8,0x00000000a5780000)
 Metaspace       used 34679K, capacity 35442K, committed 35456K, reserved 1079296K
  class space    used 4759K, capacity 4990K, committed 4992K, reserved 1048576K
}
Event: 16.331 GC heap before
{Heap before GC invocations=12 (full 2):
 PSYoungGen      total 112640K, used 100864K [0x00000000e0000000, 0x00000000e9980000, 0x0000000100000000)
  eden space 100864K, 100% used [0x00000000e0000000,0x00000000e6280000,0x00000000e6280000)
  from space 11776K, 0% used [0x00000000e6280000,0x00000000e6280000,0x00000000e6e00000)
  to   space 12288K, 0% used [0x00000000e8d80000,0x00000000e8d80000,0x00000000e9980000)
 ParOldGen       total 89600K, used 16802K [0x00000000a0000000, 0x00000000a5780000, 0x00000000e0000000)
  object space 89600K, 18% used [0x00000000a0000000,0x00000000a10688f8,0x00000000a5780000)
 Metaspace       used 44878K, capacity 45952K, committed 46080K, reserved 1089536K
  class space    used 6039K, capacity 6350K, committed 6400K, reserved 1048576K
Event: 16.352 GC heap after
Heap after GC invocations=12 (full 2):
 PSYoungGen      total 142848K, used 12271K [0x00000000e0000000, 0x00000000e9f00000, 0x0000000100000000)
  eden space 130560K, 0% used [0x00000000e0000000,0x00000000e0000000,0x00000000e7f80000)
  from space 12288K, 99% used [0x00000000e8d80000,0x00000000e997bee0,0x00000000e9980000)
  to   space 14336K, 0% used [0x00000000e7f80000,0x00000000e7f80000,0x00000000e8d80000)
 ParOldGen       total 89600K, used 19034K [0x00000000a0000000, 0x00000000a5780000, 0x00000000e0000000)
  object space 89600K, 21% used [0x00000000a0000000,0x00000000a12969a0,0x00000000a5780000)
 Metaspace       used 44878K, capacity 45952K, committed 46080K, reserved 1089536K
  class space    used 6039K, capacity 6350K, committed 6400K, reserved 1048576K
}
Event: 19.240 GC heap before
{Heap before GC invocations=13 (full 2):
 PSYoungGen      total 142848K, used 142831K [0x00000000e0000000, 0x00000000e9f00000, 0x0000000100000000)
  eden space 130560K, 100% used [0x00000000e0000000,0x00000000e7f80000,0x00000000e7f80000)
  from space 12288K, 99% used [0x00000000e8d80000,0x00000000e997bee0,0x00000000e9980000)
  to   space 14336K, 0% used [0x00000000e7f80000,0x00000000e7f80000,0x00000000e8d80000)
 ParOldGen       total 89600K, used 19034K [0x00000000a0000000, 0x00000000a5780000, 0x00000000e0000000)
  object space 89600K, 21% used [0x00000000a0000000,0x00000000a12969a0,0x00000000a5780000)
 Metaspace       used 55715K, capacity 57438K, committed 57600K, reserved 1099776K
  class space    used 7679K, capacity 8110K, committed 8192K, reserved 1048576K
Event: 19.268 GC heap after
Heap after GC invocations=13 (full 2):
 PSYoungGen      total 144896K, used 14320K [0x00000000e0000000, 0x00000000e9f00000, 0x0000000100000000)
  eden space 130560K, 0% used [0x00000000e0000000,0x00000000e0000000,0x00000000e7f80000)
  from space 14336K, 99% used [0x00000000e7f80000,0x00000000e8d7c100,0x00000000e8d80000)
  to   space 12288K, 0% used [0x00000000e8d80000,0x00000000e8d80000,0x00000000e9980000)
 ParOldGen       total 89600K, used 25467K [0x00000000a0000000, 0x00000000a5780000, 0x00000000e0000000)
  object space 89600K, 28% used [0x00000000a0000000,0x00000000a18dee78,0x00000000a5780000)
 Metaspace       used 55715K, capacity 57438K, committed 57600K, reserved 1099776K
  class space    used 7679K, capacity 8110K, committed 8192K, reserved 1048576K
}
Event: 19.726 GC heap before
{Heap before GC invocations=14 (full 2):
 PSYoungGen      total 144896K, used 43664K [0x00000000e0000000, 0x00000000e9f00000, 0x0000000100000000)
  eden space 130560K, 22% used [0x00000000e0000000,0x00000000e1ca8218,0x00000000e7f80000)
  from space 14336K, 99% used [0x00000000e7f80000,0x00000000e8d7c100,0x00000000e8d80000)
  to   space 12288K, 0% used [0x00000000e8d80000,0x00000000e8d80000,0x00000000e9980000)
 ParOldGen       total 89600K, used 25467K [0x00000000a0000000, 0x00000000a5780000, 0x00000000e0000000)
  object space 89600K, 28% used [0x00000000a0000000,0x00000000a18dee78,0x00000000a5780000)
 Metaspace       used 57132K, capacity 59052K, committed 59096K, reserved 1099776K
  class space    used 7901K, capacity 8364K, committed 8408K, reserved 1048576K
Event: 19.751 GC heap after
Heap after GC invocations=14 (full 2):
 PSYoungGen      total 142848K, used 3890K [0x00000000e0000000, 0x00000000e9f00000, 0x0000000100000000)
  eden space 130560K, 0% used [0x00000000e0000000,0x00000000e0000000,0x00000000e7f80000)
  from space 12288K, 31% used [0x00000000e8d80000,0x00000000e914ca18,0x00000000e9980000)
  to   space 14336K, 0% used [0x00000000e7f80000,0x00000000e7f80000,0x00000000e8d80000)
 ParOldGen       total 89600K, used 38555K [0x00000000a0000000, 0x00000000a5780000, 0x00000000e0000000)
  object space 89600K, 43% used [0x00000000a0000000,0x00000000a25a6f18,0x00000000a5780000)
 Metaspace       used 57132K, capacity 59052K, committed 59096K, reserved 1099776K
  class space    used 7901K, capacity 8364K, committed 8408K, reserved 1048576K
}
Event: 19.751 GC heap before
{Heap before GC invocations=15 (full 3):
 PSYoungGen      total 142848K, used 3890K [0x00000000e0000000, 0x00000000e9f00000, 0x0000000100000000)
  eden space 130560K, 0% used [0x00000000e0000000,0x00000000e0000000,0x00000000e7f80000)
  from space 12288K, 31% used [0x00000000e8d80000,0x00000000e914ca18,0x00000000e9980000)
  to   space 14336K, 0% used [0x00000000e7f80000,0x00000000e7f80000,0x00000000e8d80000)
 ParOldGen       total 89600K, used 38555K [0x00000000a0000000, 0x00000000a5780000, 0x00000000e0000000)
  object space 89600K, 43% used [0x00000000a0000000,0x00000000a25a6f18,0x00000000a5780000)
 Metaspace       used 57132K, capacity 59052K, committed 59096K, reserved 1099776K
  class space    used 7901K, capacity 8364K, committed 8408K, reserved 1048576K
Event: 20.031 GC heap after
Heap after GC invocations=15 (full 3):
 PSYoungGen      total 142848K, used 0K [0x00000000e0000000, 0x00000000e9f00000, 0x0000000100000000)
  eden space 130560K, 0% used [0x00000000e0000000,0x00000000e0000000,0x00000000e7f80000)
  from space 12288K, 0% used [0x00000000e8d80000,0x00000000e8d80000,0x00000000e9980000)
  to   space 14336K, 0% used [0x00000000e7f80000,0x00000000e7f80000,0x00000000e8d80000)
 ParOldGen       total 89600K, used 30834K [0x00000000a0000000, 0x00000000a5780000, 0x00000000e0000000)
  object space 89600K, 34% used [0x00000000a0000000,0x00000000a1e1ca80,0x00000000a5780000)
 Metaspace       used 57086K, capacity 58930K, committed 59096K, reserved 1099776K
  class space    used 7887K, capacity 8339K, committed 8408K, reserved 1048576K
}

